<?xml version="1.0" encoding="UTF-8"?>
<!-- Generated by org.testng.reporters.JUnitReportReporter -->
<testsuite skipped="0" hostname="DESKTOP-A90CDF7" name="org.example.AppTest" tests="4" failures="0" timestamp="2020-10-16T23:45:50 IST" time="14.130" errors="0">
  <testcase name="Test_3_Mul" time="3.309" classname="org.example.AppTest"/>
  <testcase name="Test_2_sub" time="3.476" classname="org.example.AppTest"/>
  <testcase name="Test_4_Div" time="3.522" classname="org.example.AppTest"/>
  <testcase name="Test_1_Add" time="3.823" classname="org.example.AppTest"/>
</testsuite> <!-- org.example.AppTest -->
